<?xml version="1.0" encoding="UTF-8"?>
<!-- Generated by org.testng.reporters.JUnitReportReporter -->
<testsuite hostname="BHANU-LAPTOP" failures="0" tests="1" name="script.InvalidLogin" time="17.994" errors="0" timestamp="27 Jul 2022 02:20:25 GMT" skipped="0">
  <testcase classname="script.InvalidLogin" name="testInvalidLogin" time="17.994"/>
</testsuite> <!-- script.InvalidLogin -->
