<?xml version="1.0" encoding="UTF-8"?>
<!-- Generated by org.testng.reporters.JUnitReportReporter -->
<testsuite hostname="DESKTOP-J9JQ713" failures="0" tests="1" name="script.ValidLogin" time="20.913" errors="0" timestamp="19 Oct 2022 19:49:31 GMT" skipped="0">
  <testcase classname="script.ValidLogin" name="testValidLogin" time="20.913"/>
</testsuite> <!-- script.ValidLogin -->
