<?xml version="1.0" encoding="UTF-8"?>
<!-- Generated by org.testng.reporters.JUnitReportReporter -->
<testsuite hostname="BHANU-LAPTOP" failures="0" tests="1" name="script.ValidLogin" time="18.654" errors="0" timestamp="26 Jul 2022 03:40:36 GMT" skipped="0">
  <testcase classname="script.ValidLogin" name="testValidLogin" time="18.654"/>
</testsuite> <!-- script.ValidLogin -->
